<?xml version="1.0" encoding="UTF-8"?>
<coverage generated="1770740966480" clover="3.2.0">
  <project timestamp="1770740966480" name="All files">
    <metrics statements="156" coveredstatements="92" conditionals="56" coveredconditionals="16" methods="35" coveredmethods="22" elements="247" coveredelements="130" complexity="0" loc="156" ncloc="156" packages="1" files="1" classes="1"/>
    <file name="db-wrapper.js" path="/app/db-wrapper.js">
      <metrics statements="156" coveredstatements="92" conditionals="56" coveredconditionals="16" methods="35" coveredmethods="22"/>
      <line num="4" count="9" type="stmt"/>
      <line num="5" count="9" type="stmt"/>
      <line num="6" count="9" type="stmt"/>
      <line num="7" count="9" type="stmt"/>
      <line num="11" count="8" type="cond" truecount="1" falsecount="1"/>
      <line num="14" count="8" type="cond" truecount="1" falsecount="1"/>
      <line num="15" count="0" type="stmt"/>
      <line num="17" count="8" type="stmt"/>
      <line num="19" count="1" type="stmt"/>
      <line num="21" count="8" type="stmt"/>
      <line num="24" count="8" type="stmt"/>
      <line num="25" count="8" type="cond" truecount="2" falsecount="0"/>
      <line num="26" count="6" type="stmt"/>
      <line num="28" count="2" type="stmt"/>
      <line num="32" count="8" type="stmt"/>
      <line num="40" count="8" type="stmt"/>
      <line num="126" count="8" type="stmt"/>
      <line num="127" count="8" type="stmt"/>
      <line num="128" count="8" type="cond" truecount="1" falsecount="1"/>
      <line num="129" count="8" type="stmt"/>
      <line num="130" count="24" type="stmt"/>
      <line num="131" count="8" type="cond" truecount="1" falsecount="1"/>
      <line num="132" count="0" type="stmt"/>
      <line num="136" count="0" type="stmt"/>
      <line num="140" count="8" type="stmt"/>
      <line num="141" count="8" type="stmt"/>
      <line num="142" count="8" type="cond" truecount="1" falsecount="1"/>
      <line num="143" count="8" type="stmt"/>
      <line num="144" count="72" type="stmt"/>
      <line num="145" count="8" type="cond" truecount="1" falsecount="1"/>
      <line num="146" count="0" type="stmt"/>
      <line num="150" count="0" type="stmt"/>
      <line num="154" count="8" type="stmt"/>
      <line num="155" count="8" type="stmt"/>
      <line num="156" count="8" type="cond" truecount="1" falsecount="1"/>
      <line num="157" count="8" type="stmt"/>
      <line num="158" count="56" type="stmt"/>
      <line num="159" count="8" type="cond" truecount="1" falsecount="1"/>
      <line num="160" count="0" type="stmt"/>
      <line num="164" count="0" type="stmt"/>
      <line num="168" count="8" type="stmt"/>
      <line num="169" count="8" type="cond" truecount="2" falsecount="0"/>
      <line num="170" count="2" type="stmt"/>
      <line num="171" count="2" type="stmt"/>
      <line num="172" count="2" type="stmt"/>
      <line num="173" count="2" type="stmt"/>
      <line num="174" count="2" type="stmt"/>
      <line num="175" count="2" type="stmt"/>
      <line num="176" count="2" type="stmt"/>
      <line num="181" count="8" type="stmt"/>
      <line num="187" count="2" type="cond" truecount="1" falsecount="1"/>
      <line num="188" count="0" type="stmt"/>
      <line num="190" count="2" type="stmt"/>
      <line num="191" count="1" type="stmt"/>
      <line num="192" count="1" type="stmt"/>
      <line num="197" count="10" type="stmt"/>
      <line num="199" count="10" type="stmt"/>
      <line num="200" count="10" type="stmt"/>
      <line num="205" count="10" type="stmt"/>
      <line num="206" count="10" type="stmt"/>
      <line num="207" count="10" type="stmt"/>
      <line num="208" count="8" type="stmt"/>
      <line num="209" count="8" type="stmt"/>
      <line num="211" count="10" type="stmt"/>
      <line num="212" count="8" type="stmt"/>
      <line num="213" count="8" type="stmt"/>
      <line num="214" count="8" type="stmt"/>
      <line num="215" count="8" type="stmt"/>
      <line num="216" count="8" type="stmt"/>
      <line num="217" count="8" type="stmt"/>
      <line num="219" count="10" type="stmt"/>
      <line num="224" count="8" type="stmt"/>
      <line num="225" count="8" type="stmt"/>
      <line num="226" count="8" type="stmt"/>
      <line num="227" count="8" type="stmt"/>
      <line num="228" count="8" type="stmt"/>
      <line num="230" count="8" type="stmt"/>
      <line num="231" count="8" type="stmt"/>
      <line num="232" count="8" type="stmt"/>
      <line num="233" count="8" type="stmt"/>
      <line num="234" count="8" type="stmt"/>
      <line num="235" count="8" type="stmt"/>
      <line num="236" count="8" type="stmt"/>
      <line num="238" count="8" type="stmt"/>
      <line num="245" count="0" type="cond" truecount="0" falsecount="2"/>
      <line num="246" count="0" type="stmt"/>
      <line num="247" count="0" type="stmt"/>
      <line num="248" count="0" type="stmt"/>
      <line num="251" count="0" type="stmt"/>
      <line num="252" count="0" type="cond" truecount="0" falsecount="2"/>
      <line num="253" count="0" type="stmt"/>
      <line num="255" count="0" type="stmt"/>
      <line num="256" count="0" type="stmt"/>
      <line num="257" count="0" type="cond" truecount="0" falsecount="2"/>
      <line num="262" count="0" type="stmt"/>
      <line num="263" count="0" type="stmt"/>
      <line num="265" count="0" type="stmt"/>
      <line num="266" count="0" type="cond" truecount="0" falsecount="2"/>
      <line num="269" count="0" type="stmt"/>
      <line num="270" count="0" type="cond" truecount="0" falsecount="2"/>
      <line num="272" count="0" type="stmt"/>
      <line num="273" count="0" type="cond" truecount="0" falsecount="2"/>
      <line num="274" count="0" type="stmt"/>
      <line num="276" count="0" type="cond" truecount="0" falsecount="2"/>
      <line num="280" count="0" type="stmt"/>
      <line num="281" count="0" type="cond" truecount="0" falsecount="2"/>
      <line num="283" count="0" type="stmt"/>
      <line num="284" count="0" type="stmt"/>
      <line num="285" count="0" type="stmt"/>
      <line num="286" count="0" type="stmt"/>
      <line num="287" count="0" type="stmt"/>
      <line num="288" count="0" type="cond" truecount="0" falsecount="4"/>
      <line num="289" count="0" type="stmt"/>
      <line num="295" count="0" type="stmt"/>
      <line num="297" count="0" type="cond" truecount="0" falsecount="2"/>
      <line num="304" count="0" type="stmt"/>
      <line num="305" count="0" type="stmt"/>
      <line num="307" count="0" type="stmt"/>
      <line num="308" count="0" type="stmt"/>
      <line num="309" count="0" type="stmt"/>
      <line num="310" count="0" type="stmt"/>
      <line num="311" count="0" type="stmt"/>
      <line num="314" count="0" type="stmt"/>
      <line num="317" count="0" type="cond" truecount="0" falsecount="2"/>
      <line num="318" count="0" type="stmt"/>
      <line num="322" count="0" type="stmt"/>
      <line num="323" count="0" type="cond" truecount="0" falsecount="2"/>
      <line num="324" count="0" type="stmt"/>
      <line num="325" count="0" type="stmt"/>
      <line num="327" count="0" type="stmt"/>
      <line num="335" count="0" type="cond" truecount="0" falsecount="2"/>
      <line num="336" count="0" type="stmt"/>
      <line num="339" count="0" type="stmt"/>
      <line num="342" count="0" type="stmt"/>
      <line num="343" count="0" type="stmt"/>
      <line num="344" count="0" type="cond" truecount="0" falsecount="2"/>
      <line num="345" count="0" type="stmt"/>
      <line num="346" count="0" type="stmt"/>
      <line num="349" count="0" type="stmt"/>
      <line num="353" count="3" type="stmt"/>
      <line num="354" count="3" type="stmt"/>
      <line num="355" count="3" type="stmt"/>
      <line num="356" count="3" type="stmt"/>
      <line num="357" count="3" type="stmt"/>
      <line num="358" count="2" type="stmt"/>
      <line num="359" count="2" type="stmt"/>
      <line num="360" count="2" type="stmt"/>
      <line num="361" count="2" type="stmt"/>
      <line num="363" count="1" type="stmt"/>
      <line num="364" count="1" type="stmt"/>
      <line num="365" count="1" type="stmt"/>
      <line num="371" count="0" type="stmt"/>
      <line num="376" count="1" type="stmt"/>
      <line num="378" count="1" type="stmt"/>
      <line num="380" count="1" type="cond" truecount="3" falsecount="1"/>
      <line num="381" count="1" type="stmt"/>
    </file>
  </project>
</coverage>
