{"/app/db-wrapper.js": {"path":"/app/db-wrapper.js","statementMap":{"0":{"start":{"line":4,"column":8},"end":{"line":4,"column":23}},"1":{"start":{"line":5,"column":8},"end":{"line":5,"column":35}},"2":{"start":{"line":6,"column":8},"end":{"line":6,"column":31}},"3":{"start":{"line":7,"column":8},"end":{"line":7,"column":30}},"4":{"start":{"line":11,"column":8},"end":{"line":11,"column":28}},"5":{"start":{"line":11,"column":21},"end":{"line":11,"column":28}},"6":{"start":{"line":14,"column":8},"end":{"line":16,"column":9}},"7":{"start":{"line":15,"column":12},"end":{"line":15,"column":49}},"8":{"start":{"line":17,"column":20},"end":{"line":20,"column":10}},"9":{"start":{"line":19,"column":32},"end":{"line":19,"column":43}},"10":{"start":{"line":21,"column":8},"end":{"line":21,"column":23}},"11":{"start":{"line":24,"column":26},"end":{"line":24,"column":54}},"12":{"start":{"line":25,"column":8},"end":{"line":29,"column":9}},"13":{"start":{"line":26,"column":12},"end":{"line":26,"column":66}},"14":{"start":{"line":28,"column":12},"end":{"line":28,"column":41}},"15":{"start":{"line":32,"column":8},"end":{"line":32,"column":20}},"16":{"start":{"line":40,"column":8},"end":{"line":123,"column":11}},"17":{"start":{"line":126,"column":8},"end":{"line":137,"column":9}},"18":{"start":{"line":127,"column":27},"end":{"line":127,"column":72}},"19":{"start":{"line":128,"column":12},"end":{"line":134,"column":13}},"20":{"start":{"line":129,"column":29},"end":{"line":129,"column":45}},"21":{"start":{"line":130,"column":31},"end":{"line":130,"column":69}},"22":{"start":{"line":130,"column":46},"end":{"line":130,"column":68}},"23":{"start":{"line":131,"column":16},"end":{"line":133,"column":17}},"24":{"start":{"line":132,"column":20},"end":{"line":132,"column":89}},"25":{"start":{"line":136,"column":12},"end":{"line":136,"column":49}},"26":{"start":{"line":140,"column":8},"end":{"line":151,"column":9}},"27":{"start":{"line":141,"column":27},"end":{"line":141,"column":75}},"28":{"start":{"line":142,"column":12},"end":{"line":148,"column":13}},"29":{"start":{"line":143,"column":29},"end":{"line":143,"column":45}},"30":{"start":{"line":144,"column":33},"end":{"line":144,"column":78}},"31":{"start":{"line":144,"column":48},"end":{"line":144,"column":77}},"32":{"start":{"line":145,"column":16},"end":{"line":147,"column":17}},"33":{"start":{"line":146,"column":20},"end":{"line":146,"column":109}},"34":{"start":{"line":150,"column":12},"end":{"line":150,"column":70}},"35":{"start":{"line":154,"column":8},"end":{"line":165,"column":9}},"36":{"start":{"line":155,"column":27},"end":{"line":155,"column":68}},"37":{"start":{"line":156,"column":12},"end":{"line":162,"column":13}},"38":{"start":{"line":157,"column":29},"end":{"line":157,"column":45}},"39":{"start":{"line":158,"column":32},"end":{"line":158,"column":71}},"40":{"start":{"line":158,"column":47},"end":{"line":158,"column":70}},"41":{"start":{"line":159,"column":16},"end":{"line":161,"column":17}},"42":{"start":{"line":160,"column":20},"end":{"line":160,"column":107}},"43":{"start":{"line":164,"column":12},"end":{"line":164,"column":64}},"44":{"start":{"line":168,"column":28},"end":{"line":168,"column":96}},"45":{"start":{"line":169,"column":8},"end":{"line":177,"column":9}},"46":{"start":{"line":170,"column":25},"end":{"line":170,"column":98}},"47":{"start":{"line":171,"column":12},"end":{"line":171,"column":54}},"48":{"start":{"line":172,"column":12},"end":{"line":172,"column":44}},"49":{"start":{"line":173,"column":12},"end":{"line":173,"column":50}},"50":{"start":{"line":174,"column":12},"end":{"line":174,"column":45}},"51":{"start":{"line":175,"column":12},"end":{"line":175,"column":54}},"52":{"start":{"line":176,"column":12},"end":{"line":176,"column":52}},"53":{"start":{"line":181,"column":8},"end":{"line":181,"column":20}},"54":{"start":{"line":187,"column":8},"end":{"line":189,"column":9}},"55":{"start":{"line":188,"column":12},"end":{"line":188,"column":41}},"56":{"start":{"line":190,"column":8},"end":{"line":193,"column":16}},"57":{"start":{"line":191,"column":12},"end":{"line":191,"column":24}},"58":{"start":{"line":192,"column":12},"end":{"line":192,"column":34}},"59":{"start":{"line":197,"column":21},"end":{"line":197,"column":37}},"60":{"start":{"line":199,"column":8},"end":{"line":199,"column":31}},"61":{"start":{"line":200,"column":8},"end":{"line":200,"column":39}},"62":{"start":{"line":205,"column":8},"end":{"line":220,"column":11}},"63":{"start":{"line":206,"column":28},"end":{"line":206,"column":62}},"64":{"start":{"line":207,"column":12},"end":{"line":210,"column":14}},"65":{"start":{"line":208,"column":27},"end":{"line":208,"column":46}},"66":{"start":{"line":209,"column":16},"end":{"line":209,"column":46}},"67":{"start":{"line":211,"column":12},"end":{"line":218,"column":14}},"68":{"start":{"line":212,"column":27},"end":{"line":212,"column":46}},"69":{"start":{"line":213,"column":27},"end":{"line":213,"column":65}},"70":{"start":{"line":214,"column":30},"end":{"line":214,"column":53}},"71":{"start":{"line":215,"column":16},"end":{"line":215,"column":46}},"72":{"start":{"line":216,"column":16},"end":{"line":216,"column":48}},"73":{"start":{"line":216,"column":38},"end":{"line":216,"column":47}},"74":{"start":{"line":217,"column":16},"end":{"line":217,"column":46}},"75":{"start":{"line":217,"column":36},"end":{"line":217,"column":45}},"76":{"start":{"line":219,"column":12},"end":{"line":219,"column":47}},"77":{"start":{"line":219,"column":37},"end":{"line":219,"column":46}},"78":{"start":{"line":224,"column":8},"end":{"line":239,"column":11}},"79":{"start":{"line":225,"column":28},"end":{"line":225,"column":62}},"80":{"start":{"line":226,"column":12},"end":{"line":229,"column":14}},"81":{"start":{"line":227,"column":27},"end":{"line":227,"column":46}},"82":{"start":{"line":228,"column":16},"end":{"line":228,"column":46}},"83":{"start":{"line":230,"column":12},"end":{"line":237,"column":14}},"84":{"start":{"line":231,"column":27},"end":{"line":231,"column":46}},"85":{"start":{"line":232,"column":27},"end":{"line":232,"column":64}},"86":{"start":{"line":233,"column":30},"end":{"line":233,"column":53}},"87":{"start":{"line":234,"column":31},"end":{"line":234,"column":54}},"88":{"start":{"line":235,"column":16},"end":{"line":235,"column":64}},"89":{"start":{"line":235,"column":41},"end":{"line":235,"column":63}},"90":{"start":{"line":236,"column":16},"end":{"line":236,"column":53}},"91":{"start":{"line":236,"column":39},"end":{"line":236,"column":52}},"92":{"start":{"line":238,"column":12},"end":{"line":238,"column":50}},"93":{"start":{"line":238,"column":36},"end":{"line":238,"column":49}},"94":{"start":{"line":245,"column":8},"end":{"line":245,"column":69}},"95":{"start":{"line":245,"column":23},"end":{"line":245,"column":69}},"96":{"start":{"line":246,"column":21},"end":{"line":246,"column":25}},"97":{"start":{"line":247,"column":8},"end":{"line":298,"column":9}},"98":{"start":{"line":248,"column":12},"end":{"line":248,"column":47}},"99":{"start":{"line":251,"column":30},"end":{"line":251,"column":94}},"100":{"start":{"line":252,"column":12},"end":{"line":252,"column":88}},"101":{"start":{"line":252,"column":35},"end":{"line":252,"column":88}},"102":{"start":{"line":253,"column":27},"end":{"line":253,"column":53}},"103":{"start":{"line":255,"column":35},"end":{"line":255,"column":95}},"104":{"start":{"line":256,"column":28},"end":{"line":256,"column":75}},"105":{"start":{"line":256,"column":55},"end":{"line":256,"column":74}},"106":{"start":{"line":257,"column":12},"end":{"line":257,"column":116}},"107":{"start":{"line":257,"column":32},"end":{"line":257,"column":116}},"108":{"start":{"line":262,"column":34},"end":{"line":262,"column":157}},"109":{"start":{"line":263,"column":38},"end":{"line":263,"column":44}},"110":{"start":{"line":265,"column":12},"end":{"line":293,"column":13}},"111":{"start":{"line":266,"column":16},"end":{"line":266,"column":54}},"112":{"start":{"line":266,"column":45},"end":{"line":266,"column":54}},"113":{"start":{"line":269,"column":32},"end":{"line":269,"column":74}},"114":{"start":{"line":270,"column":16},"end":{"line":270,"column":46}},"115":{"start":{"line":270,"column":37},"end":{"line":270,"column":46}},"116":{"start":{"line":272,"column":33},"end":{"line":274,"column":35}},"117":{"start":{"line":273,"column":33},"end":{"line":273,"column":107}},"118":{"start":{"line":274,"column":30},"end":{"line":274,"column":34}},"119":{"start":{"line":276,"column":16},"end":{"line":276,"column":47}},"120":{"start":{"line":276,"column":38},"end":{"line":276,"column":47}},"121":{"start":{"line":280,"column":32},"end":{"line":280,"column":90}},"122":{"start":{"line":281,"column":16},"end":{"line":281,"column":46}},"123":{"start":{"line":281,"column":37},"end":{"line":281,"column":46}},"124":{"start":{"line":283,"column":29},"end":{"line":283,"column":46}},"125":{"start":{"line":284,"column":16},"end":{"line":292,"column":17}},"126":{"start":{"line":284,"column":29},"end":{"line":284,"column":30}},"127":{"start":{"line":285,"column":32},"end":{"line":285,"column":39}},"128":{"start":{"line":286,"column":20},"end":{"line":291,"column":21}},"129":{"start":{"line":286,"column":33},"end":{"line":286,"column":34}},"130":{"start":{"line":287,"column":36},"end":{"line":287,"column":42}},"131":{"start":{"line":288,"column":24},"end":{"line":290,"column":25}},"132":{"start":{"line":289,"column":28},"end":{"line":289,"column":153}},"133":{"start":{"line":295,"column":12},"end":{"line":295,"column":24}},"134":{"start":{"line":297,"column":12},"end":{"line":297,"column":39}},"135":{"start":{"line":297,"column":24},"end":{"line":297,"column":39}},"136":{"start":{"line":304,"column":21},"end":{"line":304,"column":41}},"137":{"start":{"line":305,"column":24},"end":{"line":348,"column":9}},"138":{"start":{"line":307,"column":16},"end":{"line":307,"column":34}},"139":{"start":{"line":308,"column":28},"end":{"line":308,"column":30}},"140":{"start":{"line":309,"column":16},"end":{"line":309,"column":64}},"141":{"start":{"line":309,"column":35},"end":{"line":309,"column":64}},"142":{"start":{"line":310,"column":16},"end":{"line":310,"column":29}},"143":{"start":{"line":311,"column":16},"end":{"line":311,"column":27}},"144":{"start":{"line":314,"column":16},"end":{"line":314,"column":33}},"145":{"start":{"line":317,"column":16},"end":{"line":319,"column":17}},"146":{"start":{"line":318,"column":20},"end":{"line":318,"column":84}},"147":{"start":{"line":322,"column":29},"end":{"line":322,"column":33}},"148":{"start":{"line":323,"column":16},"end":{"line":326,"column":17}},"149":{"start":{"line":324,"column":32},"end":{"line":324,"column":53}},"150":{"start":{"line":325,"column":20},"end":{"line":325,"column":36}},"151":{"start":{"line":327,"column":16},"end":{"line":327,"column":40}},"152":{"start":{"line":335,"column":16},"end":{"line":337,"column":17}},"153":{"start":{"line":336,"column":20},"end":{"line":336,"column":40}},"154":{"start":{"line":339,"column":16},"end":{"line":339,"column":87}},"155":{"start":{"line":342,"column":16},"end":{"line":342,"column":34}},"156":{"start":{"line":343,"column":26},"end":{"line":343,"column":30}},"157":{"start":{"line":344,"column":16},"end":{"line":344,"column":57}},"158":{"start":{"line":344,"column":32},"end":{"line":344,"column":57}},"159":{"start":{"line":345,"column":16},"end":{"line":345,"column":29}},"160":{"start":{"line":346,"column":16},"end":{"line":346,"column":27}},"161":{"start":{"line":349,"column":8},"end":{"line":349,"column":23}},"162":{"start":{"line":353,"column":8},"end":{"line":367,"column":10}},"163":{"start":{"line":354,"column":12},"end":{"line":354,"column":38}},"164":{"start":{"line":355,"column":12},"end":{"line":355,"column":46}},"165":{"start":{"line":356,"column":12},"end":{"line":366,"column":13}},"166":{"start":{"line":357,"column":31},"end":{"line":357,"column":42}},"167":{"start":{"line":358,"column":16},"end":{"line":358,"column":39}},"168":{"start":{"line":359,"column":16},"end":{"line":359,"column":43}},"169":{"start":{"line":360,"column":16},"end":{"line":360,"column":36}},"170":{"start":{"line":361,"column":16},"end":{"line":361,"column":30}},"171":{"start":{"line":363,"column":16},"end":{"line":363,"column":41}},"172":{"start":{"line":364,"column":16},"end":{"line":364,"column":43}},"173":{"start":{"line":365,"column":16},"end":{"line":365,"column":24}},"174":{"start":{"line":371,"column":8},"end":{"line":371,"column":33}},"175":{"start":{"line":376,"column":11},"end":{"line":376,"column":26}},"176":{"start":{"line":378,"column":0},"end":{"line":378,"column":15}},"177":{"start":{"line":380,"column":0},"end":{"line":382,"column":1}},"178":{"start":{"line":381,"column":4},"end":{"line":381,"column":39}}},"fnMap":{"0":{"name":"(anonymous_0)","decl":{"start":{"line":3,"column":4},"end":{"line":3,"column":5}},"loc":{"start":{"line":3,"column":18},"end":{"line":8,"column":5}},"line":3},"1":{"name":"(anonymous_1)","decl":{"start":{"line":10,"column":4},"end":{"line":10,"column":5}},"loc":{"start":{"line":10,"column":17},"end":{"line":36,"column":5}},"line":10},"2":{"name":"(anonymous_2)","decl":{"start":{"line":19,"column":24},"end":{"line":19,"column":25}},"loc":{"start":{"line":19,"column":32},"end":{"line":19,"column":43}},"line":19},"3":{"name":"(anonymous_3)","decl":{"start":{"line":38,"column":4},"end":{"line":38,"column":5}},"loc":{"start":{"line":38,"column":11},"end":{"line":182,"column":5}},"line":38},"4":{"name":"(anonymous_4)","decl":{"start":{"line":130,"column":41},"end":{"line":130,"column":42}},"loc":{"start":{"line":130,"column":46},"end":{"line":130,"column":68}},"line":130},"5":{"name":"(anonymous_5)","decl":{"start":{"line":144,"column":43},"end":{"line":144,"column":44}},"loc":{"start":{"line":144,"column":48},"end":{"line":144,"column":77}},"line":144},"6":{"name":"(anonymous_6)","decl":{"start":{"line":158,"column":42},"end":{"line":158,"column":43}},"loc":{"start":{"line":158,"column":47},"end":{"line":158,"column":70}},"line":158},"7":{"name":"(anonymous_7)","decl":{"start":{"line":186,"column":4},"end":{"line":186,"column":5}},"loc":{"start":{"line":186,"column":19},"end":{"line":194,"column":5}},"line":186},"8":{"name":"(anonymous_8)","decl":{"start":{"line":190,"column":36},"end":{"line":190,"column":37}},"loc":{"start":{"line":190,"column":42},"end":{"line":193,"column":9}},"line":190},"9":{"name":"(anonymous_9)","decl":{"start":{"line":196,"column":4},"end":{"line":196,"column":5}},"loc":{"start":{"line":196,"column":17},"end":{"line":201,"column":5}},"line":196},"10":{"name":"(anonymous_10)","decl":{"start":{"line":203,"column":4},"end":{"line":203,"column":5}},"loc":{"start":{"line":203,"column":30},"end":{"line":221,"column":5}},"line":203},"11":{"name":"(anonymous_11)","decl":{"start":{"line":205,"column":27},"end":{"line":205,"column":28}},"loc":{"start":{"line":205,"column":48},"end":{"line":220,"column":9}},"line":205},"12":{"name":"(anonymous_12)","decl":{"start":{"line":207,"column":38},"end":{"line":207,"column":39}},"loc":{"start":{"line":207,"column":54},"end":{"line":210,"column":13}},"line":207},"13":{"name":"(anonymous_13)","decl":{"start":{"line":211,"column":32},"end":{"line":211,"column":33}},"loc":{"start":{"line":211,"column":48},"end":{"line":218,"column":13}},"line":211},"14":{"name":"(anonymous_14)","decl":{"start":{"line":216,"column":32},"end":{"line":216,"column":33}},"loc":{"start":{"line":216,"column":38},"end":{"line":216,"column":47}},"line":216},"15":{"name":"(anonymous_15)","decl":{"start":{"line":217,"column":29},"end":{"line":217,"column":30}},"loc":{"start":{"line":217,"column":36},"end":{"line":217,"column":45}},"line":217},"16":{"name":"(anonymous_16)","decl":{"start":{"line":219,"column":30},"end":{"line":219,"column":31}},"loc":{"start":{"line":219,"column":37},"end":{"line":219,"column":46}},"line":219},"17":{"name":"(anonymous_17)","decl":{"start":{"line":223,"column":4},"end":{"line":223,"column":5}},"loc":{"start":{"line":223,"column":28},"end":{"line":240,"column":5}},"line":223},"18":{"name":"(anonymous_18)","decl":{"start":{"line":224,"column":27},"end":{"line":224,"column":28}},"loc":{"start":{"line":224,"column":48},"end":{"line":239,"column":9}},"line":224},"19":{"name":"(anonymous_19)","decl":{"start":{"line":226,"column":38},"end":{"line":226,"column":39}},"loc":{"start":{"line":226,"column":54},"end":{"line":229,"column":13}},"line":226},"20":{"name":"(anonymous_20)","decl":{"start":{"line":230,"column":32},"end":{"line":230,"column":33}},"loc":{"start":{"line":230,"column":48},"end":{"line":237,"column":13}},"line":230},"21":{"name":"(anonymous_21)","decl":{"start":{"line":235,"column":35},"end":{"line":235,"column":36}},"loc":{"start":{"line":235,"column":41},"end":{"line":235,"column":63}},"line":235},"22":{"name":"(anonymous_22)","decl":{"start":{"line":236,"column":33},"end":{"line":236,"column":34}},"loc":{"start":{"line":236,"column":39},"end":{"line":236,"column":52}},"line":236},"23":{"name":"(anonymous_23)","decl":{"start":{"line":238,"column":30},"end":{"line":238,"column":31}},"loc":{"start":{"line":238,"column":36},"end":{"line":238,"column":49}},"line":238},"24":{"name":"(anonymous_24)","decl":{"start":{"line":244,"column":4},"end":{"line":244,"column":5}},"loc":{"start":{"line":244,"column":23},"end":{"line":299,"column":5}},"line":244},"25":{"name":"(anonymous_25)","decl":{"start":{"line":256,"column":50},"end":{"line":256,"column":51}},"loc":{"start":{"line":256,"column":55},"end":{"line":256,"column":74}},"line":256},"26":{"name":"(anonymous_26)","decl":{"start":{"line":273,"column":28},"end":{"line":273,"column":29}},"loc":{"start":{"line":273,"column":33},"end":{"line":273,"column":107}},"line":273},"27":{"name":"(anonymous_27)","decl":{"start":{"line":274,"column":25},"end":{"line":274,"column":26}},"loc":{"start":{"line":274,"column":30},"end":{"line":274,"column":34}},"line":274},"28":{"name":"(anonymous_28)","decl":{"start":{"line":303,"column":4},"end":{"line":303,"column":5}},"loc":{"start":{"line":303,"column":17},"end":{"line":350,"column":5}},"line":303},"29":{"name":"(anonymous_29)","decl":{"start":{"line":306,"column":17},"end":{"line":306,"column":18}},"loc":{"start":{"line":306,"column":32},"end":{"line":312,"column":13}},"line":306},"30":{"name":"(anonymous_30)","decl":{"start":{"line":313,"column":17},"end":{"line":313,"column":18}},"loc":{"start":{"line":313,"column":32},"end":{"line":340,"column":13}},"line":313},"31":{"name":"(anonymous_31)","decl":{"start":{"line":341,"column":17},"end":{"line":341,"column":18}},"loc":{"start":{"line":341,"column":32},"end":{"line":347,"column":13}},"line":341},"32":{"name":"(anonymous_32)","decl":{"start":{"line":352,"column":4},"end":{"line":352,"column":5}},"loc":{"start":{"line":352,"column":20},"end":{"line":368,"column":5}},"line":352},"33":{"name":"(anonymous_33)","decl":{"start":{"line":353,"column":15},"end":{"line":353,"column":16}},"loc":{"start":{"line":353,"column":28},"end":{"line":367,"column":9}},"line":353},"34":{"name":"(anonymous_34)","decl":{"start":{"line":370,"column":4},"end":{"line":370,"column":5}},"loc":{"start":{"line":370,"column":14},"end":{"line":372,"column":5}},"line":370}},"branchMap":{"0":{"loc":{"start":{"line":11,"column":8},"end":{"line":11,"column":28}},"type":"if","locations":[{"start":{"line":11,"column":8},"end":{"line":11,"column":28}},{"start":{},"end":{}}],"line":11},"1":{"loc":{"start":{"line":14,"column":8},"end":{"line":16,"column":9}},"type":"if","locations":[{"start":{"line":14,"column":8},"end":{"line":16,"column":9}},{"start":{},"end":{}}],"line":14},"2":{"loc":{"start":{"line":25,"column":8},"end":{"line":29,"column":9}},"type":"if","locations":[{"start":{"line":25,"column":8},"end":{"line":29,"column":9}},{"start":{"line":27,"column":15},"end":{"line":29,"column":9}}],"line":25},"3":{"loc":{"start":{"line":128,"column":12},"end":{"line":134,"column":13}},"type":"if","locations":[{"start":{"line":128,"column":12},"end":{"line":134,"column":13}},{"start":{},"end":{}}],"line":128},"4":{"loc":{"start":{"line":131,"column":16},"end":{"line":133,"column":17}},"type":"if","locations":[{"start":{"line":131,"column":16},"end":{"line":133,"column":17}},{"start":{},"end":{}}],"line":131},"5":{"loc":{"start":{"line":142,"column":12},"end":{"line":148,"column":13}},"type":"if","locations":[{"start":{"line":142,"column":12},"end":{"line":148,"column":13}},{"start":{},"end":{}}],"line":142},"6":{"loc":{"start":{"line":145,"column":16},"end":{"line":147,"column":17}},"type":"if","locations":[{"start":{"line":145,"column":16},"end":{"line":147,"column":17}},{"start":{},"end":{}}],"line":145},"7":{"loc":{"start":{"line":156,"column":12},"end":{"line":162,"column":13}},"type":"if","locations":[{"start":{"line":156,"column":12},"end":{"line":162,"column":13}},{"start":{},"end":{}}],"line":156},"8":{"loc":{"start":{"line":159,"column":16},"end":{"line":161,"column":17}},"type":"if","locations":[{"start":{"line":159,"column":16},"end":{"line":161,"column":17}},{"start":{},"end":{}}],"line":159},"9":{"loc":{"start":{"line":169,"column":8},"end":{"line":177,"column":9}},"type":"if","locations":[{"start":{"line":169,"column":8},"end":{"line":177,"column":9}},{"start":{},"end":{}}],"line":169},"10":{"loc":{"start":{"line":187,"column":8},"end":{"line":189,"column":9}},"type":"if","locations":[{"start":{"line":187,"column":8},"end":{"line":189,"column":9}},{"start":{},"end":{}}],"line":187},"11":{"loc":{"start":{"line":245,"column":8},"end":{"line":245,"column":69}},"type":"if","locations":[{"start":{"line":245,"column":8},"end":{"line":245,"column":69}},{"start":{},"end":{}}],"line":245},"12":{"loc":{"start":{"line":252,"column":12},"end":{"line":252,"column":88}},"type":"if","locations":[{"start":{"line":252,"column":12},"end":{"line":252,"column":88}},{"start":{},"end":{}}],"line":252},"13":{"loc":{"start":{"line":257,"column":12},"end":{"line":257,"column":116}},"type":"if","locations":[{"start":{"line":257,"column":12},"end":{"line":257,"column":116}},{"start":{},"end":{}}],"line":257},"14":{"loc":{"start":{"line":266,"column":16},"end":{"line":266,"column":54}},"type":"if","locations":[{"start":{"line":266,"column":16},"end":{"line":266,"column":54}},{"start":{},"end":{}}],"line":266},"15":{"loc":{"start":{"line":270,"column":16},"end":{"line":270,"column":46}},"type":"if","locations":[{"start":{"line":270,"column":16},"end":{"line":270,"column":46}},{"start":{},"end":{}}],"line":270},"16":{"loc":{"start":{"line":273,"column":33},"end":{"line":273,"column":107}},"type":"binary-expr","locations":[{"start":{"line":273,"column":33},"end":{"line":273,"column":68}},{"start":{"line":273,"column":72},"end":{"line":273,"column":107}}],"line":273},"17":{"loc":{"start":{"line":276,"column":16},"end":{"line":276,"column":47}},"type":"if","locations":[{"start":{"line":276,"column":16},"end":{"line":276,"column":47}},{"start":{},"end":{}}],"line":276},"18":{"loc":{"start":{"line":281,"column":16},"end":{"line":281,"column":46}},"type":"if","locations":[{"start":{"line":281,"column":16},"end":{"line":281,"column":46}},{"start":{},"end":{}}],"line":281},"19":{"loc":{"start":{"line":288,"column":24},"end":{"line":290,"column":25}},"type":"if","locations":[{"start":{"line":288,"column":24},"end":{"line":290,"column":25}},{"start":{},"end":{}}],"line":288},"20":{"loc":{"start":{"line":288,"column":28},"end":{"line":288,"column":82}},"type":"binary-expr","locations":[{"start":{"line":288,"column":28},"end":{"line":288,"column":51}},{"start":{"line":288,"column":55},"end":{"line":288,"column":82}}],"line":288},"21":{"loc":{"start":{"line":297,"column":12},"end":{"line":297,"column":39}},"type":"if","locations":[{"start":{"line":297,"column":12},"end":{"line":297,"column":39}},{"start":{},"end":{}}],"line":297},"22":{"loc":{"start":{"line":317,"column":16},"end":{"line":319,"column":17}},"type":"if","locations":[{"start":{"line":317,"column":16},"end":{"line":319,"column":17}},{"start":{},"end":{}}],"line":317},"23":{"loc":{"start":{"line":323,"column":16},"end":{"line":326,"column":17}},"type":"if","locations":[{"start":{"line":323,"column":16},"end":{"line":326,"column":17}},{"start":{},"end":{}}],"line":323},"24":{"loc":{"start":{"line":335,"column":16},"end":{"line":337,"column":17}},"type":"if","locations":[{"start":{"line":335,"column":16},"end":{"line":337,"column":17}},{"start":{},"end":{}}],"line":335},"25":{"loc":{"start":{"line":344,"column":16},"end":{"line":344,"column":57}},"type":"if","locations":[{"start":{"line":344,"column":16},"end":{"line":344,"column":57}},{"start":{},"end":{}}],"line":344},"26":{"loc":{"start":{"line":380,"column":0},"end":{"line":382,"column":1}},"type":"if","locations":[{"start":{"line":380,"column":0},"end":{"line":382,"column":1}},{"start":{},"end":{}}],"line":380},"27":{"loc":{"start":{"line":380,"column":4},"end":{"line":380,"column":51}},"type":"binary-expr","locations":[{"start":{"line":380,"column":4},"end":{"line":380,"column":33}},{"start":{"line":380,"column":37},"end":{"line":380,"column":51}}],"line":380}},"s":{"0":9,"1":9,"2":9,"3":9,"4":0,"5":0,"6":0,"7":0,"8":0,"9":0,"10":0,"11":0,"12":0,"13":0,"14":0,"15":0,"16":8,"17":8,"18":8,"19":7,"20":7,"21":7,"22":19,"23":7,"24":1,"25":1,"26":8,"27":8,"28":7,"29":7,"30":7,"31":13,"32":7,"33":1,"34":1,"35":8,"36":8,"37":7,"38":7,"39":7,"40":13,"41":7,"42":1,"43":1,"44":8,"45":8,"46":0,"47":0,"48":0,"49":0,"50":0,"51":0,"52":0,"53":8,"54":0,"55":0,"56":0,"57":0,"58":0,"59":0,"60":0,"61":0,"62":0,"63":0,"64":0,"65":0,"66":0,"67":0,"68":0,"69":0,"70":0,"71":0,"72":0,"73":0,"74":0,"75":0,"76":0,"77":0,"78":0,"79":0,"80":0,"81":0,"82":0,"83":0,"84":0,"85":0,"86":0,"87":0,"88":0,"89":0,"90":0,"91":0,"92":0,"93":0,"94":0,"95":0,"96":0,"97":0,"98":0,"99":0,"100":0,"101":0,"102":0,"103":0,"104":0,"105":0,"106":0,"107":0,"108":0,"109":0,"110":0,"111":0,"112":0,"113":0,"114":0,"115":0,"116":0,"117":0,"118":0,"119":0,"120":0,"121":0,"122":0,"123":0,"124":0,"125":0,"126":0,"127":0,"128":0,"129":0,"130":0,"131":0,"132":0,"133":0,"134":0,"135":0,"136":0,"137":0,"138":0,"139":0,"140":0,"141":0,"142":0,"143":0,"144":0,"145":0,"146":0,"147":0,"148":0,"149":0,"150":0,"151":0,"152":0,"153":0,"154":0,"155":0,"156":0,"157":0,"158":0,"159":0,"160":0,"161":0,"162":0,"163":0,"164":0,"165":0,"166":0,"167":0,"168":0,"169":0,"170":0,"171":0,"172":0,"173":0,"174":0,"175":1,"176":1,"177":1,"178":1},"f":{"0":9,"1":0,"2":0,"3":8,"4":19,"5":13,"6":13,"7":0,"8":0,"9":0,"10":0,"11":0,"12":0,"13":0,"14":0,"15":0,"16":0,"17":0,"18":0,"19":0,"20":0,"21":0,"22":0,"23":0,"24":0,"25":0,"26":0,"27":0,"28":0,"29":0,"30":0,"31":0,"32":0,"33":0,"34":0},"b":{"0":[0,0],"1":[0,0],"2":[0,0],"3":[7,0],"4":[1,6],"5":[7,0],"6":[1,6],"7":[7,0],"8":[1,6],"9":[0,8],"10":[0,0],"11":[0,0],"12":[0,0],"13":[0,0],"14":[0,0],"15":[0,0],"16":[0,0],"17":[0,0],"18":[0,0],"19":[0,0],"20":[0,0],"21":[0,0],"22":[0,0],"23":[0,0],"24":[0,0],"25":[0,0],"26":[1,0],"27":[1,1]},"_coverageSchema":"1a1c01bbd47fc00a2c39e90264f33305004495a9","hash":"0b873aa84b0562f308cabf9b73ea788f7c2790e4"}
}
