TN:
SF:db-wrapper.js
FN:3,(anonymous_0)
FN:10,(anonymous_1)
FN:19,(anonymous_2)
FN:38,(anonymous_3)
FN:130,(anonymous_4)
FN:144,(anonymous_5)
FN:158,(anonymous_6)
FN:186,(anonymous_7)
FN:190,(anonymous_8)
FN:196,(anonymous_9)
FN:203,(anonymous_10)
FN:205,(anonymous_11)
FN:207,(anonymous_12)
FN:211,(anonymous_13)
FN:216,(anonymous_14)
FN:217,(anonymous_15)
FN:219,(anonymous_16)
FN:223,(anonymous_17)
FN:224,(anonymous_18)
FN:226,(anonymous_19)
FN:230,(anonymous_20)
FN:235,(anonymous_21)
FN:236,(anonymous_22)
FN:238,(anonymous_23)
FN:244,(anonymous_24)
FN:256,(anonymous_25)
FN:273,(anonymous_26)
FN:274,(anonymous_27)
FN:303,(anonymous_28)
FN:306,(anonymous_29)
FN:313,(anonymous_30)
FN:341,(anonymous_31)
FN:352,(anonymous_32)
FN:353,(anonymous_33)
FN:370,(anonymous_34)
FNF:35
FNH:5
FNDA:9,(anonymous_0)
FNDA:0,(anonymous_1)
FNDA:0,(anonymous_2)
FNDA:8,(anonymous_3)
FNDA:19,(anonymous_4)
FNDA:13,(anonymous_5)
FNDA:13,(anonymous_6)
FNDA:0,(anonymous_7)
FNDA:0,(anonymous_8)
FNDA:0,(anonymous_9)
FNDA:0,(anonymous_10)
FNDA:0,(anonymous_11)
FNDA:0,(anonymous_12)
FNDA:0,(anonymous_13)
FNDA:0,(anonymous_14)
FNDA:0,(anonymous_15)
FNDA:0,(anonymous_16)
FNDA:0,(anonymous_17)
FNDA:0,(anonymous_18)
FNDA:0,(anonymous_19)
FNDA:0,(anonymous_20)
FNDA:0,(anonymous_21)
FNDA:0,(anonymous_22)
FNDA:0,(anonymous_23)
FNDA:0,(anonymous_24)
FNDA:0,(anonymous_25)
FNDA:0,(anonymous_26)
FNDA:0,(anonymous_27)
FNDA:0,(anonymous_28)
FNDA:0,(anonymous_29)
FNDA:0,(anonymous_30)
FNDA:0,(anonymous_31)
FNDA:0,(anonymous_32)
FNDA:0,(anonymous_33)
FNDA:0,(anonymous_34)
DA:4,9
DA:5,9
DA:6,9
DA:7,9
DA:11,0
DA:14,0
DA:15,0
DA:17,0
DA:19,0
DA:21,0
DA:24,0
DA:25,0
DA:26,0
DA:28,0
DA:32,0
DA:40,8
DA:126,8
DA:127,8
DA:128,7
DA:129,7
DA:130,19
DA:131,7
DA:132,1
DA:136,1
DA:140,8
DA:141,8
DA:142,7
DA:143,7
DA:144,13
DA:145,7
DA:146,1
DA:150,1
DA:154,8
DA:155,8
DA:156,7
DA:157,7
DA:158,13
DA:159,7
DA:160,1
DA:164,1
DA:168,8
DA:169,8
DA:170,0
DA:171,0
DA:172,0
DA:173,0
DA:174,0
DA:175,0
DA:176,0
DA:181,8
DA:187,0
DA:188,0
DA:190,0
DA:191,0
DA:192,0
DA:197,0
DA:199,0
DA:200,0
DA:205,0
DA:206,0
DA:207,0
DA:208,0
DA:209,0
DA:211,0
DA:212,0
DA:213,0
DA:214,0
DA:215,0
DA:216,0
DA:217,0
DA:219,0
DA:224,0
DA:225,0
DA:226,0
DA:227,0
DA:228,0
DA:230,0
DA:231,0
DA:232,0
DA:233,0
DA:234,0
DA:235,0
DA:236,0
DA:238,0
DA:245,0
DA:246,0
DA:247,0
DA:248,0
DA:251,0
DA:252,0
DA:253,0
DA:255,0
DA:256,0
DA:257,0
DA:262,0
DA:263,0
DA:265,0
DA:266,0
DA:269,0
DA:270,0
DA:272,0
DA:273,0
DA:274,0
DA:276,0
DA:280,0
DA:281,0
DA:283,0
DA:284,0
DA:285,0
DA:286,0
DA:287,0
DA:288,0
DA:289,0
DA:295,0
DA:297,0
DA:304,0
DA:305,0
DA:307,0
DA:308,0
DA:309,0
DA:310,0
DA:311,0
DA:314,0
DA:317,0
DA:318,0
DA:322,0
DA:323,0
DA:324,0
DA:325,0
DA:327,0
DA:335,0
DA:336,0
DA:339,0
DA:342,0
DA:343,0
DA:344,0
DA:345,0
DA:346,0
DA:349,0
DA:353,0
DA:354,0
DA:355,0
DA:356,0
DA:357,0
DA:358,0
DA:359,0
DA:360,0
DA:361,0
DA:363,0
DA:364,0
DA:365,0
DA:371,0
DA:376,1
DA:378,1
DA:380,1
DA:381,1
LF:156
LH:36
BRDA:11,0,0,0
BRDA:11,0,1,0
BRDA:14,1,0,0
BRDA:14,1,1,0
BRDA:25,2,0,0
BRDA:25,2,1,0
BRDA:128,3,0,7
BRDA:128,3,1,0
BRDA:131,4,0,1
BRDA:131,4,1,6
BRDA:142,5,0,7
BRDA:142,5,1,0
BRDA:145,6,0,1
BRDA:145,6,1,6
BRDA:156,7,0,7
BRDA:156,7,1,0
BRDA:159,8,0,1
BRDA:159,8,1,6
BRDA:169,9,0,0
BRDA:169,9,1,8
BRDA:187,10,0,0
BRDA:187,10,1,0
BRDA:245,11,0,0
BRDA:245,11,1,0
BRDA:252,12,0,0
BRDA:252,12,1,0
BRDA:257,13,0,0
BRDA:257,13,1,0
BRDA:266,14,0,0
BRDA:266,14,1,0
BRDA:270,15,0,0
BRDA:270,15,1,0
BRDA:273,16,0,0
BRDA:273,16,1,0
BRDA:276,17,0,0
BRDA:276,17,1,0
BRDA:281,18,0,0
BRDA:281,18,1,0
BRDA:288,19,0,0
BRDA:288,19,1,0
BRDA:288,20,0,0
BRDA:288,20,1,0
BRDA:297,21,0,0
BRDA:297,21,1,0
BRDA:317,22,0,0
BRDA:317,22,1,0
BRDA:323,23,0,0
BRDA:323,23,1,0
BRDA:335,24,0,0
BRDA:335,24,1,0
BRDA:344,25,0,0
BRDA:344,25,1,0
BRDA:380,26,0,1
BRDA:380,26,1,0
BRDA:380,27,0,1
BRDA:380,27,1,1
BRF:56
BRH:13
end_of_record
