TN:
SF:db-wrapper.js
FN:3,(anonymous_0)
FN:10,(anonymous_1)
FN:19,(anonymous_2)
FN:38,(anonymous_3)
FN:130,(anonymous_4)
FN:144,(anonymous_5)
FN:158,(anonymous_6)
FN:186,(anonymous_7)
FN:190,(anonymous_8)
FN:196,(anonymous_9)
FN:203,(anonymous_10)
FN:205,(anonymous_11)
FN:207,(anonymous_12)
FN:211,(anonymous_13)
FN:216,(anonymous_14)
FN:217,(anonymous_15)
FN:219,(anonymous_16)
FN:223,(anonymous_17)
FN:224,(anonymous_18)
FN:226,(anonymous_19)
FN:230,(anonymous_20)
FN:235,(anonymous_21)
FN:236,(anonymous_22)
FN:238,(anonymous_23)
FN:244,(anonymous_24)
FN:256,(anonymous_25)
FN:273,(anonymous_26)
FN:274,(anonymous_27)
FN:303,(anonymous_28)
FN:306,(anonymous_29)
FN:313,(anonymous_30)
FN:341,(anonymous_31)
FN:352,(anonymous_32)
FN:353,(anonymous_33)
FN:370,(anonymous_34)
FNF:35
FNH:22
FNDA:9,(anonymous_0)
FNDA:8,(anonymous_1)
FNDA:1,(anonymous_2)
FNDA:8,(anonymous_3)
FNDA:24,(anonymous_4)
FNDA:72,(anonymous_5)
FNDA:56,(anonymous_6)
FNDA:2,(anonymous_7)
FNDA:1,(anonymous_8)
FNDA:10,(anonymous_9)
FNDA:10,(anonymous_10)
FNDA:10,(anonymous_11)
FNDA:8,(anonymous_12)
FNDA:8,(anonymous_13)
FNDA:8,(anonymous_14)
FNDA:0,(anonymous_15)
FNDA:0,(anonymous_16)
FNDA:8,(anonymous_17)
FNDA:8,(anonymous_18)
FNDA:8,(anonymous_19)
FNDA:8,(anonymous_20)
FNDA:8,(anonymous_21)
FNDA:0,(anonymous_22)
FNDA:0,(anonymous_23)
FNDA:0,(anonymous_24)
FNDA:0,(anonymous_25)
FNDA:0,(anonymous_26)
FNDA:0,(anonymous_27)
FNDA:0,(anonymous_28)
FNDA:0,(anonymous_29)
FNDA:0,(anonymous_30)
FNDA:0,(anonymous_31)
FNDA:3,(anonymous_32)
FNDA:3,(anonymous_33)
FNDA:0,(anonymous_34)
DA:4,9
DA:5,9
DA:6,9
DA:7,9
DA:11,8
DA:14,8
DA:15,0
DA:17,8
DA:19,1
DA:21,8
DA:24,8
DA:25,8
DA:26,6
DA:28,2
DA:32,8
DA:40,8
DA:126,8
DA:127,8
DA:128,8
DA:129,8
DA:130,24
DA:131,8
DA:132,0
DA:136,0
DA:140,8
DA:141,8
DA:142,8
DA:143,8
DA:144,72
DA:145,8
DA:146,0
DA:150,0
DA:154,8
DA:155,8
DA:156,8
DA:157,8
DA:158,56
DA:159,8
DA:160,0
DA:164,0
DA:168,8
DA:169,8
DA:170,2
DA:171,2
DA:172,2
DA:173,2
DA:174,2
DA:175,2
DA:176,2
DA:181,8
DA:187,2
DA:188,0
DA:190,2
DA:191,1
DA:192,1
DA:197,10
DA:199,10
DA:200,10
DA:205,10
DA:206,10
DA:207,10
DA:208,8
DA:209,8
DA:211,10
DA:212,8
DA:213,8
DA:214,8
DA:215,8
DA:216,8
DA:217,8
DA:219,10
DA:224,8
DA:225,8
DA:226,8
DA:227,8
DA:228,8
DA:230,8
DA:231,8
DA:232,8
DA:233,8
DA:234,8
DA:235,8
DA:236,8
DA:238,8
DA:245,0
DA:246,0
DA:247,0
DA:248,0
DA:251,0
DA:252,0
DA:253,0
DA:255,0
DA:256,0
DA:257,0
DA:262,0
DA:263,0
DA:265,0
DA:266,0
DA:269,0
DA:270,0
DA:272,0
DA:273,0
DA:274,0
DA:276,0
DA:280,0
DA:281,0
DA:283,0
DA:284,0
DA:285,0
DA:286,0
DA:287,0
DA:288,0
DA:289,0
DA:295,0
DA:297,0
DA:304,0
DA:305,0
DA:307,0
DA:308,0
DA:309,0
DA:310,0
DA:311,0
DA:314,0
DA:317,0
DA:318,0
DA:322,0
DA:323,0
DA:324,0
DA:325,0
DA:327,0
DA:335,0
DA:336,0
DA:339,0
DA:342,0
DA:343,0
DA:344,0
DA:345,0
DA:346,0
DA:349,0
DA:353,3
DA:354,3
DA:355,3
DA:356,3
DA:357,3
DA:358,2
DA:359,2
DA:360,2
DA:361,2
DA:363,1
DA:364,1
DA:365,1
DA:371,0
DA:376,1
DA:378,1
DA:380,1
DA:381,1
LF:156
LH:92
BRDA:11,0,0,0
BRDA:11,0,1,8
BRDA:14,1,0,0
BRDA:14,1,1,8
BRDA:25,2,0,6
BRDA:25,2,1,2
BRDA:128,3,0,8
BRDA:128,3,1,0
BRDA:131,4,0,0
BRDA:131,4,1,8
BRDA:142,5,0,8
BRDA:142,5,1,0
BRDA:145,6,0,0
BRDA:145,6,1,8
BRDA:156,7,0,8
BRDA:156,7,1,0
BRDA:159,8,0,0
BRDA:159,8,1,8
BRDA:169,9,0,2
BRDA:169,9,1,6
BRDA:187,10,0,0
BRDA:187,10,1,2
BRDA:245,11,0,0
BRDA:245,11,1,0
BRDA:252,12,0,0
BRDA:252,12,1,0
BRDA:257,13,0,0
BRDA:257,13,1,0
BRDA:266,14,0,0
BRDA:266,14,1,0
BRDA:270,15,0,0
BRDA:270,15,1,0
BRDA:273,16,0,0
BRDA:273,16,1,0
BRDA:276,17,0,0
BRDA:276,17,1,0
BRDA:281,18,0,0
BRDA:281,18,1,0
BRDA:288,19,0,0
BRDA:288,19,1,0
BRDA:288,20,0,0
BRDA:288,20,1,0
BRDA:297,21,0,0
BRDA:297,21,1,0
BRDA:317,22,0,0
BRDA:317,22,1,0
BRDA:323,23,0,0
BRDA:323,23,1,0
BRDA:335,24,0,0
BRDA:335,24,1,0
BRDA:344,25,0,0
BRDA:344,25,1,0
BRDA:380,26,0,1
BRDA:380,26,1,0
BRDA:380,27,0,1
BRDA:380,27,1,1
BRF:56
BRH:16
end_of_record
